<?xml version="1.0" encoding="UTF-8"?>
<testsuite xmlns:xsi="http://www.w3.org/2001/XMLSchema-instance" xsi:noNamespaceSchemaLocation="https://maven.apache.org/surefire/maven-surefire-plugin/xsd/surefire-test-report.xsd" name="ru.rsatu.DoughterTwoAppTest" time="0.06" tests="2" errors="0" skipped="0" failures="0">
  <properties>
    <property name="java.specification.version" value="19"/>
    <property name="sun.jnu.encoding" value="UTF-8"/>
    <property name="java.class.path" value="/mnt/7999679B46EE88E1/4_Projects/modern_technologies_of_industrial_software_development/lr_2/sources/doughter_porject_2/target/test-classes:/mnt/7999679B46EE88E1/4_Projects/modern_technologies_of_industrial_software_development/lr_2/sources/doughter_porject_2/target/classes:/home/vitaliy_altermann/.m2/repository/ru/rsatu/doughter_porject_1/1.0-SNAPSHOT/doughter_porject_1-1.0-SNAPSHOT.jar:/home/vitaliy_altermann/.m2/repository/junit/junit/4.11/junit-4.11.jar:/home/vitaliy_altermann/.m2/repository/org/hamcrest/hamcrest-core/1.3/hamcrest-core-1.3.jar:/home/vitaliy_altermann/.m2/repository/org/apache/commons/commons-math3/3.6.1/commons-math3-3.6.1.jar:"/>
    <property name="java.vm.vendor" value="Oracle Corporation"/>
    <property name="sun.arch.data.model" value="64"/>
    <property name="java.vendor.url" value="https://java.oracle.com/"/>
    <property name="os.name" value="Linux"/>
    <property name="java.vm.specification.version" value="19"/>
    <property name="sun.java.launcher" value="SUN_STANDARD"/>
    <property name="user.country" value="RU"/>
    <property name="sun.boot.library.path" value="/usr/lib/jvm/java-19-jdk/lib"/>
    <property name="sun.java.command" value="/mnt/7999679B46EE88E1/4_Projects/modern_technologies_of_industrial_software_development/lr_2/sources/doughter_porject_2/target/surefire/surefirebooter9156075215655879378.jar /mnt/7999679B46EE88E1/4_Projects/modern_technologies_of_industrial_software_development/lr_2/sources/doughter_porject_2/target/surefire 2022-09-29T11-20-49_914-jvmRun1 surefire4539945254472311446tmp surefire_04505122299245343402tmp"/>
    <property name="jdk.debug" value="release"/>
    <property name="surefire.test.class.path" value="/mnt/7999679B46EE88E1/4_Projects/modern_technologies_of_industrial_software_development/lr_2/sources/doughter_porject_2/target/test-classes:/mnt/7999679B46EE88E1/4_Projects/modern_technologies_of_industrial_software_development/lr_2/sources/doughter_porject_2/target/classes:/home/vitaliy_altermann/.m2/repository/ru/rsatu/doughter_porject_1/1.0-SNAPSHOT/doughter_porject_1-1.0-SNAPSHOT.jar:/home/vitaliy_altermann/.m2/repository/junit/junit/4.11/junit-4.11.jar:/home/vitaliy_altermann/.m2/repository/org/hamcrest/hamcrest-core/1.3/hamcrest-core-1.3.jar:/home/vitaliy_altermann/.m2/repository/org/apache/commons/commons-math3/3.6.1/commons-math3-3.6.1.jar:"/>
    <property name="sun.cpu.endian" value="little"/>
    <property name="user.home" value="/home/vitaliy_altermann"/>
    <property name="user.language" value="ru"/>
    <property name="java.specification.vendor" value="Oracle Corporation"/>
    <property name="java.version.date" value="2022-09-20"/>
    <property name="java.home" value="/usr/lib/jvm/java-19-jdk"/>
    <property name="file.separator" value="/"/>
    <property name="basedir" value="/mnt/7999679B46EE88E1/4_Projects/modern_technologies_of_industrial_software_development/lr_2/sources/doughter_porject_2"/>
    <property name="java.vm.compressedOopsMode" value="Zero based"/>
    <property name="line.separator" value="&#10;"/>
    <property name="java.specification.name" value="Java Platform API Specification"/>
    <property name="java.vm.specification.vendor" value="Oracle Corporation"/>
    <property name="surefire.real.class.path" value="/mnt/7999679B46EE88E1/4_Projects/modern_technologies_of_industrial_software_development/lr_2/sources/doughter_porject_2/target/surefire/surefirebooter9156075215655879378.jar"/>
    <property name="sun.management.compiler" value="HotSpot 64-Bit Tiered Compilers"/>
    <property name="java.runtime.version" value="19+36-2238"/>
    <property name="user.name" value="vitaliy_altermann"/>
    <property name="stdout.encoding" value="UTF-8"/>
    <property name="path.separator" value=":"/>
    <property name="os.version" value="5.15.65-1-MANJARO"/>
    <property name="java.runtime.name" value="Java(TM) SE Runtime Environment"/>
    <property name="file.encoding" value="UTF-8"/>
    <property name="java.vm.name" value="Java HotSpot(TM) 64-Bit Server VM"/>
    <property name="localRepository" value="/home/vitaliy_altermann/.m2/repository"/>
    <property name="java.vendor.url.bug" value="https://bugreport.java.com/bugreport/"/>
    <property name="java.io.tmpdir" value="/tmp"/>
    <property name="java.version" value="19"/>
    <property name="user.dir" value="/mnt/7999679B46EE88E1/4_Projects/modern_technologies_of_industrial_software_development/lr_2/sources/doughter_porject_2"/>
    <property name="os.arch" value="amd64"/>
    <property name="java.vm.specification.name" value="Java Virtual Machine Specification"/>
    <property name="native.encoding" value="UTF-8"/>
    <property name="java.library.path" value="/usr/java/packages/lib:/usr/lib64:/lib64:/lib:/usr/lib"/>
    <property name="java.vm.info" value="mixed mode, sharing"/>
    <property name="stderr.encoding" value="UTF-8"/>
    <property name="java.vendor" value="Oracle Corporation"/>
    <property name="java.vm.version" value="19+36-2238"/>
    <property name="sun.io.unicode.encoding" value="UnicodeLittle"/>
    <property name="java.class.version" value="63.0"/>
  </properties>
  <testcase name="shouldAnswerWithTrue" classname="ru.rsatu.DoughterTwoAppTest" time="0.004"/>
  <testcase name="testAbs" classname="ru.rsatu.DoughterTwoAppTest" time="0.032"/>
</testsuite>